2026-06-02 13:59:41,371 - INFO - REQUEST: {'symbol': 'BTCUSDT', 'side': 'BUY', 'type': 'MARKET', 'quantity': 0.001}
2026-06-02 13:59:42,120 - ERROR - APIError(code=-2015): Invalid API-key, IP, or permissions for action
2026-06-02 14:03:18,436 - INFO - REQUEST: {'symbol': 'BTCUSDT', 'side': 'BUY', 'type': 'MARKET', 'quantity': 0.001}
2026-06-02 14:03:18,956 - ERROR - APIError(code=-2015): Invalid API-key, IP, or permissions for action
2026-06-02 14:04:25,924 - INFO - REQUEST: {'symbol': 'BTCUSDT', 'side': 'BUY', 'type': 'MARKET', 'quantity': 0.001}
2026-06-02 14:04:26,856 - ERROR - APIError(code=-2015): Invalid API-key, IP, or permissions for action
2026-06-02 14:06:59,174 - INFO - REQUEST: {'symbol': 'BTCUSDT', 'side': 'BUY', 'type': 'MARKET', 'quantity': 0.001}
2026-06-02 14:06:59,702 - ERROR - APIError(code=-2015): Invalid API-key, IP, or permissions for action
2026-06-02 14:08:28,456 - INFO - REQUEST: {'symbol': 'BTCUSDT', 'side': 'BUY', 'type': 'MARKET', 'quantity': 0.001}
2026-06-02 14:08:29,200 - ERROR - APIError(code=-2015): Invalid API-key, IP, or permissions for action
2026-06-02 14:13:28,825 - INFO - REQUEST: {'symbol': 'BTCUSDT', 'side': 'BUY', 'type': 'MARKET', 'quantity': 0.001}
2026-06-02 14:13:29,718 - ERROR - APIError(code=-2015): Invalid API-key, IP, or permissions for action
2026-06-02 14:28:27,741 - INFO - REQUEST: {'symbol': 'BTCUSDT', 'side': 'BUY', 'type': 'MARKET', 'quantity': 0.001}
2026-06-02 14:28:28,533 - ERROR - APIError(code=-2015): Invalid API-key, IP, or permissions for action
2026-06-02 14:28:51,903 - INFO - REQUEST: {'symbol': 'BTCUSDT', 'side': 'BUY', 'type': 'MARKET', 'quantity': 0.001}
2026-06-02 14:28:52,508 - ERROR - APIError(code=-2015): Invalid API-key, IP, or permissions for action
2026-06-02 14:44:39,856 - INFO - REQUEST: {'symbol': 'BTCUSDT', 'side': 'BUY', 'type': 'MARKET', 'quantity': 0.001}
2026-06-02 14:44:40,694 - INFO - RESPONSE: {'orderId': 13792351320, 'symbol': 'BTCUSDT', 'status': 'NEW', 'clientOrderId': 'x-Cb7ytekJ31c8c1e54b0c5ee203cfaf', 'price': '0.00', 'avgPrice': '0.00', 'origQty': '0.0010', 'executedQty': '0.0000', 'cumQty': '0.0000', 'cumQuote': '0.000000', 'timeInForce': 'GTC', 'type': 'MARKET', 'reduceOnly': False, 'closePosition': False, 'side': 'BUY', 'positionSide': 'BOTH', 'stopPrice': '0.00', 'workingType': 'CONTRACT_PRICE', 'priceProtect': False, 'origType': 'MARKET', 'priceMatch': 'NONE', 'selfTradePreventionMode': 'EXPIRE_MAKER', 'goodTillDate': 0, 'updateTime': 1780391681055}
2026-06-02 14:45:30,595 - INFO - REQUEST: {'symbol': 'BTCUSDT', 'side': 'BUY', 'type': 'LIMIT', 'quantity': 0.001, 'price': 50000.0, 'timeInForce': 'GTC'}
2026-06-02 14:45:31,277 - INFO - RESPONSE: {'orderId': 13792437960, 'symbol': 'BTCUSDT', 'status': 'NEW', 'clientOrderId': 'x-Cb7ytekJ63ad51e1e9d63ba1be882c', 'price': '50000.00', 'avgPrice': '0.00', 'origQty': '0.0010', 'executedQty': '0.0000', 'cumQty': '0.0000', 'cumQuote': '0.000000', 'timeInForce': 'GTC', 'type': 'LIMIT', 'reduceOnly': False, 'closePosition': False, 'side': 'BUY', 'positionSide': 'BOTH', 'stopPrice': '0.00', 'workingType': 'CONTRACT_PRICE', 'priceProtect': False, 'origType': 'LIMIT', 'priceMatch': 'NONE', 'selfTradePreventionMode': 'EXPIRE_MAKER', 'goodTillDate': 0, 'updateTime': 1780391731615}
2026-06-02 14:50:39,752 | INFO | REQUEST: {'symbol': 'BTCUSDT', 'side': 'BUY', 'type': 'MARKET', 'quantity': 0.001}
2026-06-02 14:50:40,842 | INFO | RESPONSE: {'orderId': 13792910939, 'symbol': 'BTCUSDT', 'status': 'NEW', 'clientOrderId': 'x-Cb7ytekJ7a58f955d86eb4c932f53e', 'price': '0.00', 'avgPrice': '0.00', 'origQty': '0.0010', 'executedQty': '0.0000', 'cumQty': '0.0000', 'cumQuote': '0.000000', 'timeInForce': 'GTC', 'type': 'MARKET', 'reduceOnly': False, 'closePosition': False, 'side': 'BUY', 'positionSide': 'BOTH', 'stopPrice': '0.00', 'workingType': 'CONTRACT_PRICE', 'priceProtect': False, 'origType': 'MARKET', 'priceMatch': 'NONE', 'selfTradePreventionMode': 'EXPIRE_MAKER', 'goodTillDate': 0, 'updateTime': 1780392041179}
2026-06-02 14:50:48,768 | INFO | REQUEST: {'symbol': 'BTCUSDT', 'side': 'BUY', 'type': 'LIMIT', 'quantity': 0.001, 'price': 50000.0, 'timeInForce': 'GTC'}
2026-06-02 14:50:49,627 | INFO | RESPONSE: {'orderId': 13792917514, 'symbol': 'BTCUSDT', 'status': 'NEW', 'clientOrderId': 'x-Cb7ytekJ4a60516e447551d6677e7c', 'price': '50000.00', 'avgPrice': '0.00', 'origQty': '0.0010', 'executedQty': '0.0000', 'cumQty': '0.0000', 'cumQuote': '0.000000', 'timeInForce': 'GTC', 'type': 'LIMIT', 'reduceOnly': False, 'closePosition': False, 'side': 'BUY', 'positionSide': 'BOTH', 'stopPrice': '0.00', 'workingType': 'CONTRACT_PRICE', 'priceProtect': False, 'origType': 'LIMIT', 'priceMatch': 'NONE', 'selfTradePreventionMode': 'EXPIRE_MAKER', 'goodTillDate': 0, 'updateTime': 1780392049963}
